Unity Editor version:    2020.3.33f1 (915a7af8b0d5)
Branch:                  2020.3/staging
Build type:              Release
Batch mode:              YES
macOS version:           Version 11.6.5 (Build 20G527)
Darwin version:          20.6.0
Architecture:            x86_64
Running under Rosetta:   NO
Available memory:        16384 MB
Using pre-set license
Pro License: NO

COMMAND LINE ARGUMENTS:
/Applications/Unity/Hub/Editor/2020.3.33f1/Unity.app/Contents/MacOS/Unity
-adb2
-batchMode
-noUpm
-name
AssetImportWorker0
-projectPath
/Users/ikbalkulahcioglu/Downloads/tower-defense-unity-master 2
-logFile
Logs/AssetImportWorker0.log
-srvPort
58579
Successfully changed project path to: /Users/ikbalkulahcioglu/Downloads/tower-defense-unity-master 2
/Users/ikbalkulahcioglu/Downloads/tower-defense-unity-master 2
Using Asset Import Pipeline V2.
Refreshing native plugins compatible for Editor in 74.09 ms, found 2 plugins.
Preloading 0 native plugins for Editor in 0.00 ms.
Initialize engine version: 2020.3.33f1 (915a7af8b0d5)
[Subsystems] Discovering subsystems at path /Applications/Unity/Hub/Editor/2020.3.33f1/Unity.app/Contents/Resources/UnitySubsystems
[Subsystems] Discovering subsystems at path /Users/ikbalkulahcioglu/Downloads/tower-defense-unity-master 2/Assets
GfxDevice: creating device client; threaded=0
2022-06-12 03:15:02.911 Unity[1531:3011410] Color LCD preferred device: Intel Iris Pro Graphics (low power)
2022-06-12 03:15:02.911 Unity[1531:3011410] Metal devices available: 1
2022-06-12 03:15:02.911 Unity[1531:3011410] 0: Intel Iris Pro Graphics (low power)
2022-06-12 03:15:02.913 Unity[1531:3011410] Using device Intel Iris Pro Graphics (low power)
Initializing Metal device caps: Intel Iris Pro Graphics
Initialize mono
Mono path[0] = '/Applications/Unity/Hub/Editor/2020.3.33f1/Unity.app/Contents/Managed'
Mono path[1] = '/Applications/Unity/Hub/Editor/2020.3.33f1/Unity.app/Contents/MonoBleedingEdge/lib/mono/unityjit'
Mono config path = '/Applications/Unity/Hub/Editor/2020.3.33f1/Unity.app/Contents/MonoBleedingEdge/etc'
Using monoOptions --debugger-agent=transport=dt_socket,embedding=1,server=y,suspend=n,address=127.0.0.1:56531
Begin MonoManager ReloadAssembly
Registering precompiled unity dll's ...
Register platform support module: /Applications/Unity/Hub/Editor/2020.3.33f1/Unity.app/Contents/PlaybackEngines/MacStandaloneSupport/UnityEditor.OSXStandalone.Extensions.dll
Registered in 0.000602 seconds.
Native extension for OSXStandalone target not found
Refreshing native plugins compatible for Editor in 70.95 ms, found 2 plugins.
Preloading 0 native plugins for Editor in 0.00 ms.
Mono: successfully reloaded assembly
- Completed reload, in  0.857 seconds
Domain Reload Profiling:
	ReloadAssembly (857ms)
		BeginReloadAssembly (66ms)
			ExecutionOrderSort (0ms)
			DisableScriptedObjects (0ms)
			BackupInstance (0ms)
			ReleaseScriptingObjects (0ms)
			CreateAndSetChildDomain (1ms)
		EndReloadAssembly (694ms)
			LoadAssemblies (65ms)
			RebuildTransferFunctionScriptingTraits (0ms)
			SetupTypeCache (256ms)
			ReleaseScriptCaches (0ms)
			RebuildScriptCaches (52ms)
			SetupLoadedEditorAssemblies (276ms)
				LogAssemblyErrors (0ms)
				InitializePlatformSupportModulesInManaged (7ms)
				SetLoadedEditorAssemblies (0ms)
				RefreshPlugins (71ms)
				BeforeProcessingInitializeOnLoad (16ms)
				ProcessInitializeOnLoadAttributes (140ms)
				ProcessInitializeOnLoadMethodAttributes (41ms)
				AfterProcessingInitializeOnLoad (0ms)
				EditorAssembliesLoaded (0ms)
			ExecutionOrderSort2 (0ms)
			AwakeInstancesAfterBackupRestoration (0ms)
Platform modules already initialized, skipping
Registering precompiled user dll's ...
Registered in 0.001994 seconds.
Begin MonoManager ReloadAssembly
Symbol file LoadedFromMemory doesn't match image /Users/ikbalkulahcioglu/Downloads/tower-defense-unity-master 2/Library/PackageCache/com.unity.collab-proxy@1.15.15/Lib/Editor/PlasticSCM/unityplastic.dll
Native extension for OSXStandalone target not found
Refreshing native plugins compatible for Editor in 1.32 ms, found 2 plugins.
Preloading 0 native plugins for Editor in 0.00 ms.
Mono: successfully reloaded assembly
- Completed reload, in  1.736 seconds
Domain Reload Profiling:
	ReloadAssembly (1737ms)
		BeginReloadAssembly (244ms)
			ExecutionOrderSort (0ms)
			DisableScriptedObjects (7ms)
			BackupInstance (0ms)
			ReleaseScriptingObjects (0ms)
			CreateAndSetChildDomain (52ms)
		EndReloadAssembly (1394ms)
			LoadAssemblies (119ms)
			RebuildTransferFunctionScriptingTraits (0ms)
			SetupTypeCache (490ms)
			ReleaseScriptCaches (1ms)
			RebuildScriptCaches (82ms)
			SetupLoadedEditorAssemblies (540ms)
				LogAssemblyErrors (0ms)
				InitializePlatformSupportModulesInManaged (8ms)
				SetLoadedEditorAssemblies (1ms)
				RefreshPlugins (1ms)
				BeforeProcessingInitializeOnLoad (114ms)
				ProcessInitializeOnLoadAttributes (303ms)
				ProcessInitializeOnLoadMethodAttributes (111ms)
				AfterProcessingInitializeOnLoad (2ms)
				EditorAssembliesLoaded (0ms)
			ExecutionOrderSort2 (0ms)
			AwakeInstancesAfterBackupRestoration (9ms)
Platform modules already initialized, skipping
Validating Project structure ... 0.006020 seconds.
Shader import version has changed; will reimport all shaders...
Upgrading shader files ...0.007665 seconds.
Application.AssetDatabase Initial Script Refresh Start
RefreshInfo: InitialScriptRefreshV2(NoUpdateAssetOptions) scanfilter:  ... 1 filters
RefreshProfiler: Total: 0.000ms
Application.AssetDatabase Initial Script Refresh End
Application.AssetDatabase.Refresh Start
Application.AssetDatabase.Refresh End
RefreshInfo: StopAssetImportingV2(ForceSynchronousImport) scanfilter: 
RefreshProfiler: Total: 0.000ms
Launching external process: /Applications/Unity/Hub/Editor/2020.3.33f1/Unity.app/Contents/Tools/UnityShaderCompiler
Launched and connected shader compiler UnityShaderCompiler after 0.02 seconds
Initializing Unity extensions:
========================================================================
Worker process is ready to serve import requests
Refreshing native plugins compatible for Editor in 0.77 ms, found 2 plugins.
Preloading 0 native plugins for Editor in 0.00 ms.
Unloading 2190 Unused Serialized files (Serialized files now loaded: 0)
System memory in use before: 201.4 MB.
System memory in use after: 200.6 MB.

Unloading 161 unused Assets to reduce memory usage. Loaded Objects now: 2637.
Total: 7.122681 ms (FindLiveObjects: 0.217982 ms CreateObjectMapping: 0.140329 ms MarkObjects: 6.117857 ms  DeleteObjects: 0.645767 ms)

AssetImportParameters requested are different than current active one (requested -> active):
  custom:video-decoder-ogg-theora: a1e56fd34408186e4bbccfd4996cb3dc -> 
  custom:container-muxer-webm: aa71ff27fc2769a1b78a27578f13a17b -> 
  custom:container-demuxer-webm: 4f35f7cbe854078d1ac9338744f61a02 -> 
  custom:container-demuxer-ogg: 62fdf1f143b41e24485cea50d1cbac27 -> 
  custom:video-encoder-webm-vp8: eb34c28f22e8b96e1ab97ce403110664 -> 
  custom:framework-osx-AVFoundation: e770b220cccbd017edd2c1fefb359320 -> 
  custom:video-decoder-webm-vp8: 9c59270c3fd7afecdb556c50c9e8de78 -> 
  custom:audio-decoder-ogg-vorbis: bf7c407c2cedff20999df2af8eb42d56 -> 
  custom:audio-encoder-webm-vorbis: bf7c407c2cedff20999df2af8eb42d56 -> 
========================================================================
Received Import Request.
  path: Assets/Scenes/Level_01.unity
  artifactKey: Guid(9631ade1d45ad4f48aebac2a1c2b56f3) Importer(815301076,1909f56bfc062723c751e8b465ee728b)
Start importing Assets/Scenes/Level_01.unity using Guid(9631ade1d45ad4f48aebac2a1c2b56f3) Importer(815301076,1909f56bfc062723c751e8b465ee728b)  -> (artifact id: 'a2157ff958b3047fd55599d7e25d311c') in 0.005634 seconds 
========================================================================
Received Import Request.
  Time since last request: 27.594609 seconds.
  path: Assets/Scenes/Level_02.unity
  artifactKey: Guid(35e16e56682d91f4ca9cd21cb83170f9) Importer(815301076,1909f56bfc062723c751e8b465ee728b)
Start importing Assets/Scenes/Level_02.unity using Guid(35e16e56682d91f4ca9cd21cb83170f9) Importer(815301076,1909f56bfc062723c751e8b465ee728b)  -> (artifact id: 'ac7e175fb1eeeb5ee278f5cd51477739') in 0.002173 seconds 
========================================================================
Received Prepare
Registering precompiled user dll's ...
Registered in 0.002016 seconds.
Begin MonoManager ReloadAssembly
Symbol file LoadedFromMemory doesn't match image /Users/ikbalkulahcioglu/Downloads/tower-defense-unity-master 2/Library/PackageCache/com.unity.collab-proxy@1.15.15/Lib/Editor/PlasticSCM/unityplastic.dll
Native extension for OSXStandalone target not found
Refreshing native plugins compatible for Editor in 0.86 ms, found 2 plugins.
Preloading 0 native plugins for Editor in 0.00 ms.
Mono: successfully reloaded assembly
- Completed reload, in  1.481 seconds
Domain Reload Profiling:
	ReloadAssembly (1482ms)
		BeginReloadAssembly (175ms)
			ExecutionOrderSort (0ms)
			DisableScriptedObjects (9ms)
			BackupInstance (0ms)
			ReleaseScriptingObjects (0ms)
			CreateAndSetChildDomain (90ms)
		EndReloadAssembly (1223ms)
			LoadAssemblies (101ms)
			RebuildTransferFunctionScriptingTraits (0ms)
			SetupTypeCache (422ms)
			ReleaseScriptCaches (1ms)
			RebuildScriptCaches (60ms)
			SetupLoadedEditorAssemblies (488ms)
				LogAssemblyErrors (0ms)
				InitializePlatformSupportModulesInManaged (6ms)
				SetLoadedEditorAssemblies (1ms)
				RefreshPlugins (1ms)
				BeforeProcessingInitializeOnLoad (145ms)
				ProcessInitializeOnLoadAttributes (239ms)
				ProcessInitializeOnLoadMethodAttributes (96ms)
				AfterProcessingInitializeOnLoad (2ms)
				EditorAssembliesLoaded (0ms)
			ExecutionOrderSort2 (0ms)
			AwakeInstancesAfterBackupRestoration (10ms)
Platform modules already initialized, skipping
Refreshing native plugins compatible for Editor in 0.77 ms, found 2 plugins.
Preloading 0 native plugins for Editor in 0.00 ms.
Unloading 2181 Unused Serialized files (Serialized files now loaded: 0)
System memory in use before: 198.8 MB.
System memory in use after: 198.9 MB.

Unloading 47 unused Assets to reduce memory usage. Loaded Objects now: 2641.
Total: 7.269118 ms (FindLiveObjects: 0.178215 ms CreateObjectMapping: 0.113291 ms MarkObjects: 6.943326 ms  DeleteObjects: 0.033272 ms)

AssetImportParameters requested are different than current active one (requested -> active):
  custom:video-decoder-ogg-theora: a1e56fd34408186e4bbccfd4996cb3dc -> 
  custom:container-muxer-webm: aa71ff27fc2769a1b78a27578f13a17b -> 
  custom:container-demuxer-webm: 4f35f7cbe854078d1ac9338744f61a02 -> 
  custom:container-demuxer-ogg: 62fdf1f143b41e24485cea50d1cbac27 -> 
  custom:video-encoder-webm-vp8: eb34c28f22e8b96e1ab97ce403110664 -> 
  custom:framework-osx-AVFoundation: e770b220cccbd017edd2c1fefb359320 -> 
  custom:video-decoder-webm-vp8: 9c59270c3fd7afecdb556c50c9e8de78 -> 
  custom:audio-decoder-ogg-vorbis: bf7c407c2cedff20999df2af8eb42d56 -> 
  custom:audio-encoder-webm-vorbis: bf7c407c2cedff20999df2af8eb42d56 -> 
========================================================================
Received Import Request.
  Time since last request: 470.537580 seconds.
  path: Assets/Scenes/Level_03.unity
  artifactKey: Guid(d0a50113baa4e9f4282387a84c66d5aa) Importer(815301076,1909f56bfc062723c751e8b465ee728b)
Start importing Assets/Scenes/Level_03.unity using Guid(d0a50113baa4e9f4282387a84c66d5aa) Importer(815301076,1909f56bfc062723c751e8b465ee728b)  -> (artifact id: 'dea9a1397f6940224433adadbebecf87') in 0.006405 seconds 
========================================================================
Received Import Request.
  Time since last request: 199.960428 seconds.
  path: Assets/Sprites/Sheets/towerDefense_tilesheet.png
  artifactKey: Guid(72613178417f3694ebdae1d54d4a7ada) Importer(815301076,1909f56bfc062723c751e8b465ee728b)
Start importing Assets/Sprites/Sheets/towerDefense_tilesheet.png using Guid(72613178417f3694ebdae1d54d4a7ada) Importer(815301076,1909f56bfc062723c751e8b465ee728b)  -> (artifact id: 'bc94b748ac527db248d762b08b130dc6') in 3.018140 seconds 
========================================================================
Received Import Request.
  Time since last request: 17.302516 seconds.
  path: Assets/Plugins/CurveEditor/Examples/Road.mat
  artifactKey: Guid(97eea5cdb1de9445fb7f71ee7ce5083c) Importer(815301076,1909f56bfc062723c751e8b465ee728b)
Start importing Assets/Plugins/CurveEditor/Examples/Road.mat using Guid(97eea5cdb1de9445fb7f71ee7ce5083c) Importer(815301076,1909f56bfc062723c751e8b465ee728b)  -> (artifact id: 'fc9e16bb50b3c0184d238a88e38c5bd5') in 1.438630 seconds 
========================================================================
Received Import Request.
  Time since last request: 0.000323 seconds.
  path: Assets/Plugins/CurveEditor/Examples/Track tex.psd
  artifactKey: Guid(7f4d32c033cde43979b6853a41530d0d) Importer(815301076,1909f56bfc062723c751e8b465ee728b)
Start importing Assets/Plugins/CurveEditor/Examples/Track tex.psd using Guid(7f4d32c033cde43979b6853a41530d0d) Importer(815301076,1909f56bfc062723c751e8b465ee728b)  -> (artifact id: '61ddee56161ec3e3f1d5b88ba78142ee') in 1.043006 seconds 
========================================================================
Received Prepare
Registering precompiled user dll's ...
Registered in 0.001813 seconds.
Begin MonoManager ReloadAssembly
Symbol file LoadedFromMemory doesn't match image /Users/ikbalkulahcioglu/Downloads/tower-defense-unity-master 2/Library/PackageCache/com.unity.collab-proxy@1.15.15/Lib/Editor/PlasticSCM/unityplastic.dll
Native extension for OSXStandalone target not found
Refreshing native plugins compatible for Editor in 0.93 ms, found 2 plugins.
Preloading 0 native plugins for Editor in 0.00 ms.
Mono: successfully reloaded assembly
- Completed reload, in  1.498 seconds
Domain Reload Profiling:
	ReloadAssembly (1499ms)
		BeginReloadAssembly (174ms)
			ExecutionOrderSort (0ms)
			DisableScriptedObjects (8ms)
			BackupInstance (0ms)
			ReleaseScriptingObjects (0ms)
			CreateAndSetChildDomain (94ms)
		EndReloadAssembly (1244ms)
			LoadAssemblies (100ms)
			RebuildTransferFunctionScriptingTraits (0ms)
			SetupTypeCache (436ms)
			ReleaseScriptCaches (1ms)
			RebuildScriptCaches (65ms)
			SetupLoadedEditorAssemblies (494ms)
				LogAssemblyErrors (0ms)
				InitializePlatformSupportModulesInManaged (5ms)
				SetLoadedEditorAssemblies (1ms)
				RefreshPlugins (1ms)
				BeforeProcessingInitializeOnLoad (145ms)
				ProcessInitializeOnLoadAttributes (244ms)
				ProcessInitializeOnLoadMethodAttributes (95ms)
				AfterProcessingInitializeOnLoad (2ms)
				EditorAssembliesLoaded (0ms)
			ExecutionOrderSort2 (0ms)
			AwakeInstancesAfterBackupRestoration (11ms)
Platform modules already initialized, skipping
Refreshing native plugins compatible for Editor in 0.92 ms, found 2 plugins.
Preloading 0 native plugins for Editor in 0.00 ms.
Unloading 2181 Unused Serialized files (Serialized files now loaded: 0)
System memory in use before: 213.0 MB.
System memory in use after: 213.3 MB.

Unloading 46 unused Assets to reduce memory usage. Loaded Objects now: 2688.
Total: 7.519581 ms (FindLiveObjects: 0.314576 ms CreateObjectMapping: 0.178650 ms MarkObjects: 6.986939 ms  DeleteObjects: 0.038490 ms)

AssetImportParameters requested are different than current active one (requested -> active):
  custom:video-decoder-ogg-theora: a1e56fd34408186e4bbccfd4996cb3dc -> 
  custom:container-muxer-webm: aa71ff27fc2769a1b78a27578f13a17b -> 
  custom:container-demuxer-webm: 4f35f7cbe854078d1ac9338744f61a02 -> 
  custom:container-demuxer-ogg: 62fdf1f143b41e24485cea50d1cbac27 -> 
  custom:video-encoder-webm-vp8: eb34c28f22e8b96e1ab97ce403110664 -> 
  custom:framework-osx-AVFoundation: e770b220cccbd017edd2c1fefb359320 -> 
  custom:video-decoder-webm-vp8: 9c59270c3fd7afecdb556c50c9e8de78 -> 
  custom:audio-decoder-ogg-vorbis: bf7c407c2cedff20999df2af8eb42d56 -> 
  custom:audio-encoder-webm-vorbis: bf7c407c2cedff20999df2af8eb42d56 -> 
========================================================================
Received Import Request.
  Time since last request: 61.370571 seconds.
  path: Assets/Prefabs
  artifactKey: Guid(0c0947e81458476468109777d80838dc) Importer(815301076,1909f56bfc062723c751e8b465ee728b)
Start importing Assets/Prefabs using Guid(0c0947e81458476468109777d80838dc) Importer(815301076,1909f56bfc062723c751e8b465ee728b)  -> (artifact id: 'c5942487026436594cc0dec80c2cf8f4') in 0.005998 seconds 
========================================================================
Received Import Request.
  Time since last request: 0.083322 seconds.
  path: Assets/Prefabs/BigExplosionSoundEffect.prefab
  artifactKey: Guid(7d14fc236220807439621982d50d732b) Importer(815301076,1909f56bfc062723c751e8b465ee728b)
Start importing Assets/Prefabs/BigExplosionSoundEffect.prefab using Guid(7d14fc236220807439621982d50d732b) Importer(815301076,1909f56bfc062723c751e8b465ee728b)  -> (artifact id: '1a8aad05125e93f7a6735c178b1425a7') in 0.376294 seconds 
========================================================================
Received Import Request.
  Time since last request: 0.000297 seconds.
  path: Assets/Prefabs/Plane.prefab
  artifactKey: Guid(c10f8ee6335fe554e85979fe4b225ae5) Importer(815301076,1909f56bfc062723c751e8b465ee728b)
Start importing Assets/Prefabs/Plane.prefab using Guid(c10f8ee6335fe554e85979fe4b225ae5) Importer(815301076,1909f56bfc062723c751e8b465ee728b)  -> (artifact id: '0f13f6a7ade03e4a0a3c2d8e8589dc75') in 0.072036 seconds 
========================================================================
Received Import Request.
  Time since last request: 0.000254 seconds.
  path: Assets/Prefabs/Explosion.prefab
  artifactKey: Guid(e260a79a1661c7844a9525b2207d82d9) Importer(815301076,1909f56bfc062723c751e8b465ee728b)
Start importing Assets/Prefabs/Explosion.prefab using Guid(e260a79a1661c7844a9525b2207d82d9) Importer(815301076,1909f56bfc062723c751e8b465ee728b)  -> (artifact id: '19cd93c27f127a57dd27ac727997134a') in 0.093978 seconds 
========================================================================
Received Import Request.
  Time since last request: 0.000245 seconds.
  path: Assets/Prefabs/Tank.prefab
  artifactKey: Guid(a9f617fb7fe1e9742b1b293a2adbeed6) Importer(815301076,1909f56bfc062723c751e8b465ee728b)
Start importing Assets/Prefabs/Tank.prefab using Guid(a9f617fb7fe1e9742b1b293a2adbeed6) Importer(815301076,1909f56bfc062723c751e8b465ee728b)  -> (artifact id: '047075a16177ad7658fbad1f849e29b7') in 0.019228 seconds 
========================================================================
Received Import Request.
  Time since last request: 0.000234 seconds.
  path: Assets/Prefabs/Soldier.prefab
  artifactKey: Guid(2b4be0333c134ad478dfc8f4bd8c7f23) Importer(815301076,1909f56bfc062723c751e8b465ee728b)
Start importing Assets/Prefabs/Soldier.prefab using Guid(2b4be0333c134ad478dfc8f4bd8c7f23) Importer(815301076,1909f56bfc062723c751e8b465ee728b)  -> (artifact id: '16fdeb0fe9b33ae70f35b01c09afc11f') in 0.029631 seconds 
========================================================================
Received Import Request.
  Time since last request: 0.000210 seconds.
  path: Assets/Prefabs/RifleSoundEffect.prefab
  artifactKey: Guid(1e2567063fc7b084488dc3e59b13e69e) Importer(815301076,1909f56bfc062723c751e8b465ee728b)
Start importing Assets/Prefabs/RifleSoundEffect.prefab using Guid(1e2567063fc7b084488dc3e59b13e69e) Importer(815301076,1909f56bfc062723c751e8b465ee728b)  -> (artifact id: '2f574d36649334608b8c1a338208bed6') in 0.007828 seconds 
========================================================================
Received Import Request.
  Time since last request: 0.000503 seconds.
  path: Assets/Prefabs/Turret.prefab
  artifactKey: Guid(2dfc45dfc5921b044beecfc58a7849d0) Importer(815301076,1909f56bfc062723c751e8b465ee728b)
Start importing Assets/Prefabs/Turret.prefab using Guid(2dfc45dfc5921b044beecfc58a7849d0) Importer(815301076,1909f56bfc062723c751e8b465ee728b)  -> (artifact id: '59fbc60fe11bb34ac15360a944aa0155') in 0.030677 seconds 
========================================================================
Received Import Request.
  Time since last request: 0.000305 seconds.
  path: Assets/Prefabs/CoinSoundEffect.prefab
  artifactKey: Guid(57bc8ffdce9a0a0418f83cce63ad70cf) Importer(815301076,1909f56bfc062723c751e8b465ee728b)
Start importing Assets/Prefabs/CoinSoundEffect.prefab using Guid(57bc8ffdce9a0a0418f83cce63ad70cf) Importer(815301076,1909f56bfc062723c751e8b465ee728b)  -> (artifact id: '9d93170b4de9d79aa8fef750694d9e35') in 0.009235 seconds 
========================================================================
Received Import Request.
  Time since last request: 0.000325 seconds.
  path: Assets/Prefabs/Coin.prefab
  artifactKey: Guid(570d8db676ef6304ebdb3a76c5e8d74c) Importer(815301076,1909f56bfc062723c751e8b465ee728b)
Start importing Assets/Prefabs/Coin.prefab using Guid(570d8db676ef6304ebdb3a76c5e8d74c) Importer(815301076,1909f56bfc062723c751e8b465ee728b)  -> (artifact id: '2e694423e674ea226fa83613f23fa9b0') in 0.034562 seconds 
========================================================================
Received Import Request.
  Time since last request: 0.000283 seconds.
  path: Assets/Prefabs/HealthBar.prefab
  artifactKey: Guid(2eb22f0d0a001b54eb30db7e111838ca) Importer(815301076,1909f56bfc062723c751e8b465ee728b)
Start importing Assets/Prefabs/HealthBar.prefab using Guid(2eb22f0d0a001b54eb30db7e111838ca) Importer(815301076,1909f56bfc062723c751e8b465ee728b)  -> (artifact id: '9c1fdfc878fc00e9a032d1c4350e4913') in 0.008737 seconds 
========================================================================
Received Import Request.
  Time since last request: 0.000243 seconds.
  path: Assets/Prefabs/Rocket.prefab
  artifactKey: Guid(7de8fce8894362844a7152328b031743) Importer(815301076,1909f56bfc062723c751e8b465ee728b)
Start importing Assets/Prefabs/Rocket.prefab using Guid(7de8fce8894362844a7152328b031743) Importer(815301076,1909f56bfc062723c751e8b465ee728b)  -> (artifact id: 'e9c98c9dce892d6d97aa33ae2d90b87a') in 0.024105 seconds 
========================================================================
Received Import Request.
  Time since last request: 0.000298 seconds.
  path: Assets/Prefabs/ShortExplosionSoundEffect.prefab
  artifactKey: Guid(cfa645b05fd46d6478298554673c4721) Importer(815301076,1909f56bfc062723c751e8b465ee728b)
Start importing Assets/Prefabs/ShortExplosionSoundEffect.prefab using Guid(cfa645b05fd46d6478298554673c4721) Importer(815301076,1909f56bfc062723c751e8b465ee728b)  -> (artifact id: '7b2280d2e0f3ff51368aeedd59bce068') in 0.008533 seconds 
========================================================================
Received Import Request.
  Time since last request: 0.000262 seconds.
  path: Assets/Prefabs/TowerBuildSpot.prefab
  artifactKey: Guid(a84424933fd10cb42975a6b1629cfee0) Importer(815301076,1909f56bfc062723c751e8b465ee728b)
Start importing Assets/Prefabs/TowerBuildSpot.prefab using Guid(a84424933fd10cb42975a6b1629cfee0) Importer(815301076,1909f56bfc062723c751e8b465ee728b)  -> (artifact id: 'f0187e8b0e7d3bf425502ef768d977a4') in 0.039005 seconds 
========================================================================
Received Import Request.
  Time since last request: 0.000263 seconds.
  path: Assets/Prefabs/Bullet.prefab
  artifactKey: Guid(8013b043c406dfc4699c603145a77111) Importer(815301076,1909f56bfc062723c751e8b465ee728b)
Start importing Assets/Prefabs/Bullet.prefab using Guid(8013b043c406dfc4699c603145a77111) Importer(815301076,1909f56bfc062723c751e8b465ee728b)  -> (artifact id: 'c77326b554223e1ac18d01f2e0ec1417') in 0.021372 seconds 
========================================================================
Received Import Request.
  Time since last request: 0.000252 seconds.
  path: Assets/Prefabs/RocketTower.prefab
  artifactKey: Guid(ef3db4d9269b55b4f9d38c128553c1fd) Importer(815301076,1909f56bfc062723c751e8b465ee728b)
Start importing Assets/Prefabs/RocketTower.prefab using Guid(ef3db4d9269b55b4f9d38c128553c1fd) Importer(815301076,1909f56bfc062723c751e8b465ee728b)  -> (artifact id: '58217fbc08a4edd3e05b52a19ec5e6a9') in 0.027447 seconds 
========================================================================
Received Import Request.
  Time since last request: 0.000232 seconds.
  path: Assets/Prefabs/MissileSoundEffect.prefab
  artifactKey: Guid(bc93e145345a9b64e88f70e82239ad6b) Importer(815301076,1909f56bfc062723c751e8b465ee728b)
Start importing Assets/Prefabs/MissileSoundEffect.prefab using Guid(bc93e145345a9b64e88f70e82239ad6b) Importer(815301076,1909f56bfc062723c751e8b465ee728b)  -> (artifact id: '9fc27f2a2debc026672d285c04051636') in 0.005909 seconds 
========================================================================
Received Import Request.
  Time since last request: 92.841852 seconds.
  path: Assets/Fonts/BlackHanSans-Regular.ttf
  artifactKey: Guid(965dd293d8f4d43458ce572549bc8e8d) Importer(815301076,1909f56bfc062723c751e8b465ee728b)
Start importing Assets/Fonts/BlackHanSans-Regular.ttf using Guid(965dd293d8f4d43458ce572549bc8e8d) Importer(815301076,1909f56bfc062723c751e8b465ee728b)  -> (artifact id: '705a1c58add09b9ebbc5ff66e8c05729') in 1.983804 seconds 
========================================================================
Received Import Request.
  Time since last request: 0.000274 seconds.
  path: Assets/Sprites/Tilemaps/Tilemap.prefab
  artifactKey: Guid(f94cb70fed16cd049b9f3b57f46d9b2c) Importer(815301076,1909f56bfc062723c751e8b465ee728b)
Start importing Assets/Sprites/Tilemaps/Tilemap.prefab using Guid(f94cb70fed16cd049b9f3b57f46d9b2c) Importer(815301076,1909f56bfc062723c751e8b465ee728b)  -> (artifact id: '992fd79774a5d9fd279c0c9d1d9628b7') in 0.066763 seconds 
========================================================================
Received Import Request.
  Time since last request: 0.000305 seconds.
  path: Assets/Sounds/Holst - Mars, the Bringer of War.mp3
  artifactKey: Guid(4f1fa0979362992478475aa02660adad) Importer(815301076,1909f56bfc062723c751e8b465ee728b)
Start importing Assets/Sounds/Holst - Mars, the Bringer of War.mp3 using Guid(4f1fa0979362992478475aa02660adad) Importer(815301076,1909f56bfc062723c751e8b465ee728b)  -> (artifact id: 'a1901087ffea6e3c72f49d8f4ff637bb') in 1.157901 seconds 
========================================================================
Received Import Request.
  Time since last request: 9.496513 seconds.
  path: Packages/com.unity.collab-proxy/Editor/Collaborate/Assets/Layouts/main-window.uxml
  artifactKey: Guid(0fc258eba97959a4bbc9d04f35188e88) Importer(815301076,1909f56bfc062723c751e8b465ee728b)
Start importing Packages/com.unity.collab-proxy/Editor/Collaborate/Assets/Layouts/main-window.uxml using Guid(0fc258eba97959a4bbc9d04f35188e88) Importer(815301076,1909f56bfc062723c751e8b465ee728b)  -> (artifact id: 'aa1511b2a1269fc9e74f71140b6207e5') in 0.194066 seconds 
========================================================================
Received Import Request.
  Time since last request: 0.000312 seconds.
  path: Packages/com.unity.collab-proxy/Editor/Collaborate/Assets/Layouts/MainPageView.uxml
  artifactKey: Guid(ff1bfb51c3ec34c4aaaeb29a0343f1c4) Importer(815301076,1909f56bfc062723c751e8b465ee728b)
Start importing Packages/com.unity.collab-proxy/Editor/Collaborate/Assets/Layouts/MainPageView.uxml using Guid(ff1bfb51c3ec34c4aaaeb29a0343f1c4) Importer(815301076,1909f56bfc062723c751e8b465ee728b)  -> (artifact id: '5a8eae4f43ac0a10cebc41319753e0f8') in 0.003326 seconds 
========================================================================
Received Import Request.
  Time since last request: 0.000215 seconds.
  path: Packages/com.unity.collab-proxy/Editor/Collaborate/Assets/Styles/MainPageView.uss
  artifactKey: Guid(7af1720245a987d4b87094fc00ed8a94) Importer(815301076,1909f56bfc062723c751e8b465ee728b)
Start importing Packages/com.unity.collab-proxy/Editor/Collaborate/Assets/Styles/MainPageView.uss using Guid(7af1720245a987d4b87094fc00ed8a94) Importer(815301076,1909f56bfc062723c751e8b465ee728b)  -> (artifact id: 'b32ce6c2aebf71512fcdfe3acd5c87a3') in 0.178059 seconds 
========================================================================
Received Import Request.
  Time since last request: 10.830844 seconds.
  path: Assets/Scenes
  artifactKey: Guid(131a6b21c8605f84396be9f6751fb6e3) Importer(815301076,1909f56bfc062723c751e8b465ee728b)
Start importing Assets/Scenes using Guid(131a6b21c8605f84396be9f6751fb6e3) Importer(815301076,1909f56bfc062723c751e8b465ee728b)  -> (artifact id: 'df75b7d1a31c5b4f73fd45661b403b04') in 0.001658 seconds 
========================================================================
Received Import Request.
  Time since last request: 1.153483 seconds.
  path: Assets/Scenes/Menu_screen.unity
  artifactKey: Guid(a6c9c7f34b6f8aa4b9c86790e5bb6abd) Importer(815301076,1909f56bfc062723c751e8b465ee728b)
Start importing Assets/Scenes/Menu_screen.unity using Guid(a6c9c7f34b6f8aa4b9c86790e5bb6abd) Importer(815301076,1909f56bfc062723c751e8b465ee728b)  -> (artifact id: 'a2f79665222f7b5851730b50b8caef51') in 0.001777 seconds 
========================================================================
Received Prepare
Registering precompiled user dll's ...
Registered in 0.002684 seconds.
Begin MonoManager ReloadAssembly
Symbol file LoadedFromMemory doesn't match image /Users/ikbalkulahcioglu/Downloads/tower-defense-unity-master 2/Library/PackageCache/com.unity.collab-proxy@1.15.15/Lib/Editor/PlasticSCM/unityplastic.dll
Native extension for OSXStandalone target not found
Refreshing native plugins compatible for Editor in 0.76 ms, found 2 plugins.
Preloading 0 native plugins for Editor in 0.00 ms.
Mono: successfully reloaded assembly
- Completed reload, in  1.671 seconds
Domain Reload Profiling:
	ReloadAssembly (1674ms)
		BeginReloadAssembly (362ms)
			ExecutionOrderSort (0ms)
			DisableScriptedObjects (26ms)
			BackupInstance (0ms)
			ReleaseScriptingObjects (0ms)
			CreateAndSetChildDomain (192ms)
		EndReloadAssembly (1224ms)
			LoadAssemblies (138ms)
			RebuildTransferFunctionScriptingTraits (0ms)
			SetupTypeCache (424ms)
			ReleaseScriptCaches (1ms)
			RebuildScriptCaches (66ms)
			SetupLoadedEditorAssemblies (473ms)
				LogAssemblyErrors (0ms)
				InitializePlatformSupportModulesInManaged (5ms)
				SetLoadedEditorAssemblies (1ms)
				RefreshPlugins (1ms)
				BeforeProcessingInitializeOnLoad (134ms)
				ProcessInitializeOnLoadAttributes (241ms)
				ProcessInitializeOnLoadMethodAttributes (90ms)
				AfterProcessingInitializeOnLoad (2ms)
				EditorAssembliesLoaded (0ms)
			ExecutionOrderSort2 (0ms)
			AwakeInstancesAfterBackupRestoration (9ms)
Platform modules already initialized, skipping
Refreshing native plugins compatible for Editor in 1.36 ms, found 2 plugins.
Preloading 0 native plugins for Editor in 0.00 ms.
Unloading 2181 Unused Serialized files (Serialized files now loaded: 0)
System memory in use before: 234.4 MB.
System memory in use after: 234.6 MB.

Unloading 54 unused Assets to reduce memory usage. Loaded Objects now: 2699.
Total: 6.825997 ms (FindLiveObjects: 0.240671 ms CreateObjectMapping: 0.097590 ms MarkObjects: 6.287815 ms  DeleteObjects: 0.198899 ms)

AssetImportParameters requested are different than current active one (requested -> active):
  custom:video-decoder-ogg-theora: a1e56fd34408186e4bbccfd4996cb3dc -> 
  custom:container-muxer-webm: aa71ff27fc2769a1b78a27578f13a17b -> 
  custom:container-demuxer-webm: 4f35f7cbe854078d1ac9338744f61a02 -> 
  custom:container-demuxer-ogg: 62fdf1f143b41e24485cea50d1cbac27 -> 
  custom:video-encoder-webm-vp8: eb34c28f22e8b96e1ab97ce403110664 -> 
  custom:framework-osx-AVFoundation: e770b220cccbd017edd2c1fefb359320 -> 
  custom:video-decoder-webm-vp8: 9c59270c3fd7afecdb556c50c9e8de78 -> 
  custom:audio-decoder-ogg-vorbis: bf7c407c2cedff20999df2af8eb42d56 -> 
  custom:audio-encoder-webm-vorbis: bf7c407c2cedff20999df2af8eb42d56 -> 
========================================================================
Received Import Request.
  Time since last request: 9510.553872 seconds.
  path: Assets/Materials/Circle.mat
  artifactKey: Guid(6e2960b0010c004488927fc830499555) Importer(815301076,1909f56bfc062723c751e8b465ee728b)
Start importing Assets/Materials/Circle.mat using Guid(6e2960b0010c004488927fc830499555) Importer(815301076,1909f56bfc062723c751e8b465ee728b)  -> (artifact id: '050c5f7b5113d6b1e1ffd2b6c3b98fe0') in 0.127850 seconds 
========================================================================
Received Import Request.
  Time since last request: 0.000353 seconds.
  path: Assets/Sounds/coin.ogg
  artifactKey: Guid(537d485a7a2d56a458d9af901dd5c132) Importer(815301076,1909f56bfc062723c751e8b465ee728b)
Start importing Assets/Sounds/coin.ogg using Guid(537d485a7a2d56a458d9af901dd5c132) Importer(815301076,1909f56bfc062723c751e8b465ee728b)  -> (artifact id: '6d31753db5cf5febf8faeb1a940c6854') in 0.363596 seconds 
========================================================================
Received Import Request.
  Time since last request: 2498.239378 seconds.
  path: Assets/Scenes/Level_03Settings.lighting
  artifactKey: Guid(5f52e77bfe0b9457786bf3deb60a88d6) Importer(815301076,1909f56bfc062723c751e8b465ee728b)
Start importing Assets/Scenes/Level_03Settings.lighting using Guid(5f52e77bfe0b9457786bf3deb60a88d6) Importer(815301076,1909f56bfc062723c751e8b465ee728b) LightingSettings: switching bake backend from 1 to 0.
 -> (artifact id: '996ef9362f3a06e5c160346fbba4b759') in 0.217263 seconds 
========================================================================
Received Import Request.
  Time since last request: 165.188300 seconds.
  path: Assets/Scenes/Level_03.unity
  artifactKey: Guid(d0a50113baa4e9f4282387a84c66d5aa) Importer(815301076,1909f56bfc062723c751e8b465ee728b)
Start importing Assets/Scenes/Level_03.unity using Guid(d0a50113baa4e9f4282387a84c66d5aa) Importer(815301076,1909f56bfc062723c751e8b465ee728b)  -> (artifact id: '83e9b25179509d958fec5241e703e66d') in 0.002688 seconds 
========================================================================
Received Import Request.
  Time since last request: 113.483985 seconds.
  path: Assets/Scenes/Level_02.unity
  artifactKey: Guid(35e16e56682d91f4ca9cd21cb83170f9) Importer(815301076,1909f56bfc062723c751e8b465ee728b)
Start importing Assets/Scenes/Level_02.unity using Guid(35e16e56682d91f4ca9cd21cb83170f9) Importer(815301076,1909f56bfc062723c751e8b465ee728b)  -> (artifact id: 'ff2f7fea5e6fff383a4f9bd87fb2ba12') in 0.002051 seconds 
========================================================================
Received Import Request.
  Time since last request: 6.227939 seconds.
  path: Assets/Scenes/Level_01Settings.lighting
  artifactKey: Guid(96a8355cfe66b439fa59954f660227fe) Importer(815301076,1909f56bfc062723c751e8b465ee728b)
Start importing Assets/Scenes/Level_01Settings.lighting using Guid(96a8355cfe66b439fa59954f660227fe) Importer(815301076,1909f56bfc062723c751e8b465ee728b) LightingSettings: switching bake backend from 1 to 0.
 -> (artifact id: '949b695610617ce2afa3bb0c52e0623f') in 0.007509 seconds 
========================================================================
Received Import Request.
  Time since last request: 10.599973 seconds.
  path: Assets/Scenes/Menu_screen.unity
  artifactKey: Guid(a6c9c7f34b6f8aa4b9c86790e5bb6abd) Importer(815301076,1909f56bfc062723c751e8b465ee728b)
Start importing Assets/Scenes/Menu_screen.unity using Guid(a6c9c7f34b6f8aa4b9c86790e5bb6abd) Importer(815301076,1909f56bfc062723c751e8b465ee728b)  -> (artifact id: '130570534de15dd016a7b57c08166934') in 0.002601 seconds 
========================================================================
Received Import Request.
  Time since last request: 113.674456 seconds.
  path: Assets/Sprites/Tilemaps/Brush-TowerBuildSpot.asset
  artifactKey: Guid(46d889a5f7aecbe4499232a3b840c687) Importer(815301076,1909f56bfc062723c751e8b465ee728b)
Start importing Assets/Sprites/Tilemaps/Brush-TowerBuildSpot.asset using Guid(46d889a5f7aecbe4499232a3b840c687) Importer(815301076,1909f56bfc062723c751e8b465ee728b)  -> (artifact id: 'f8bd83a13b3bd2bb9e4a20444c891710') in 0.227997 seconds 
========================================================================
Received Prepare
Registering precompiled user dll's ...
Registered in 0.006035 seconds.
Begin MonoManager ReloadAssembly
Symbol file LoadedFromMemory doesn't match image /Users/ikbalkulahcioglu/Downloads/tower-defense-unity-master 2/Library/PackageCache/com.unity.collab-proxy@1.15.15/Lib/Editor/PlasticSCM/unityplastic.dll
Native extension for OSXStandalone target not found
Refreshing native plugins compatible for Editor in 0.86 ms, found 2 plugins.
Preloading 0 native plugins for Editor in 0.00 ms.
Mono: successfully reloaded assembly
- Completed reload, in  1.500 seconds
Domain Reload Profiling:
	ReloadAssembly (1500ms)
		BeginReloadAssembly (230ms)
			ExecutionOrderSort (0ms)
			DisableScriptedObjects (7ms)
			BackupInstance (0ms)
			ReleaseScriptingObjects (0ms)
			CreateAndSetChildDomain (92ms)
		EndReloadAssembly (1185ms)
			LoadAssemblies (182ms)
			RebuildTransferFunctionScriptingTraits (0ms)
			SetupTypeCache (405ms)
			ReleaseScriptCaches (1ms)
			RebuildScriptCaches (61ms)
			SetupLoadedEditorAssemblies (454ms)
				LogAssemblyErrors (0ms)
				InitializePlatformSupportModulesInManaged (5ms)
				SetLoadedEditorAssemblies (1ms)
				RefreshPlugins (1ms)
				BeforeProcessingInitializeOnLoad (140ms)
				ProcessInitializeOnLoadAttributes (225ms)
				ProcessInitializeOnLoadMethodAttributes (81ms)
				AfterProcessingInitializeOnLoad (2ms)
				EditorAssembliesLoaded (0ms)
			ExecutionOrderSort2 (0ms)
			AwakeInstancesAfterBackupRestoration (9ms)
Platform modules already initialized, skipping
Refreshing native plugins compatible for Editor in 0.78 ms, found 2 plugins.
Preloading 0 native plugins for Editor in 0.00 ms.
Unloading 2181 Unused Serialized files (Serialized files now loaded: 0)
System memory in use before: 247.0 MB.
System memory in use after: 247.2 MB.

Unloading 52 unused Assets to reduce memory usage. Loaded Objects now: 2703.
Total: 7.103229 ms (FindLiveObjects: 0.186309 ms CreateObjectMapping: 0.089761 ms MarkObjects: 6.760239 ms  DeleteObjects: 0.066032 ms)

AssetImportParameters requested are different than current active one (requested -> active):
  custom:video-decoder-ogg-theora: a1e56fd34408186e4bbccfd4996cb3dc -> 
  custom:container-muxer-webm: aa71ff27fc2769a1b78a27578f13a17b -> 
  custom:container-demuxer-webm: 4f35f7cbe854078d1ac9338744f61a02 -> 
  custom:container-demuxer-ogg: 62fdf1f143b41e24485cea50d1cbac27 -> 
  custom:video-encoder-webm-vp8: eb34c28f22e8b96e1ab97ce403110664 -> 
  custom:framework-osx-AVFoundation: e770b220cccbd017edd2c1fefb359320 -> 
  custom:video-decoder-webm-vp8: 9c59270c3fd7afecdb556c50c9e8de78 -> 
  custom:audio-decoder-ogg-vorbis: bf7c407c2cedff20999df2af8eb42d56 -> 
  custom:audio-encoder-webm-vorbis: bf7c407c2cedff20999df2af8eb42d56 -> 
========================================================================
Received Import Request.
  Time since last request: 138.149565 seconds.
  path: Assets/Scripts/TurretScript.cs
  artifactKey: Guid(db8feaeb446d98046b48de2efc06fb6d) Importer(815301076,1909f56bfc062723c751e8b465ee728b)
Start importing Assets/Scripts/TurretScript.cs using Guid(db8feaeb446d98046b48de2efc06fb6d) Importer(815301076,1909f56bfc062723c751e8b465ee728b)  -> (artifact id: '0fe941f06e05f79527874c3f63403b8e') in 0.427676 seconds 
========================================================================
Received Prepare
Registering precompiled user dll's ...
Registered in 0.004377 seconds.
Begin MonoManager ReloadAssembly
Symbol file LoadedFromMemory doesn't match image /Users/ikbalkulahcioglu/Downloads/tower-defense-unity-master 2/Library/PackageCache/com.unity.collab-proxy@1.15.15/Lib/Editor/PlasticSCM/unityplastic.dll
Native extension for OSXStandalone target not found
Refreshing native plugins compatible for Editor in 0.91 ms, found 2 plugins.
Preloading 0 native plugins for Editor in 0.00 ms.
Mono: successfully reloaded assembly
- Completed reload, in  1.524 seconds
Domain Reload Profiling:
	ReloadAssembly (1524ms)
		BeginReloadAssembly (188ms)
			ExecutionOrderSort (0ms)
			DisableScriptedObjects (7ms)
			BackupInstance (0ms)
			ReleaseScriptingObjects (0ms)
			CreateAndSetChildDomain (78ms)
		EndReloadAssembly (1246ms)
			LoadAssemblies (156ms)
			RebuildTransferFunctionScriptingTraits (0ms)
			SetupTypeCache (428ms)
			ReleaseScriptCaches (1ms)
			RebuildScriptCaches (60ms)
			SetupLoadedEditorAssemblies (494ms)
				LogAssemblyErrors (0ms)
				InitializePlatformSupportModulesInManaged (5ms)
				SetLoadedEditorAssemblies (1ms)
				RefreshPlugins (1ms)
				BeforeProcessingInitializeOnLoad (150ms)
				ProcessInitializeOnLoadAttributes (252ms)
				ProcessInitializeOnLoadMethodAttributes (84ms)
				AfterProcessingInitializeOnLoad (2ms)
				EditorAssembliesLoaded (0ms)
			ExecutionOrderSort2 (0ms)
			AwakeInstancesAfterBackupRestoration (9ms)
Platform modules already initialized, skipping
Refreshing native plugins compatible for Editor in 0.78 ms, found 2 plugins.
Preloading 0 native plugins for Editor in 0.00 ms.
Unloading 2181 Unused Serialized files (Serialized files now loaded: 0)
System memory in use before: 251.2 MB.
System memory in use after: 251.4 MB.

Unloading 46 unused Assets to reduce memory usage. Loaded Objects now: 2706.
Total: 7.586914 ms (FindLiveObjects: 0.188801 ms CreateObjectMapping: 0.101293 ms MarkObjects: 7.258801 ms  DeleteObjects: 0.037027 ms)

AssetImportParameters requested are different than current active one (requested -> active):
  custom:video-decoder-ogg-theora: a1e56fd34408186e4bbccfd4996cb3dc -> 
  custom:container-muxer-webm: aa71ff27fc2769a1b78a27578f13a17b -> 
  custom:container-demuxer-webm: 4f35f7cbe854078d1ac9338744f61a02 -> 
  custom:container-demuxer-ogg: 62fdf1f143b41e24485cea50d1cbac27 -> 
  custom:video-encoder-webm-vp8: eb34c28f22e8b96e1ab97ce403110664 -> 
  custom:framework-osx-AVFoundation: e770b220cccbd017edd2c1fefb359320 -> 
  custom:video-decoder-webm-vp8: 9c59270c3fd7afecdb556c50c9e8de78 -> 
  custom:audio-decoder-ogg-vorbis: bf7c407c2cedff20999df2af8eb42d56 -> 
  custom:audio-encoder-webm-vorbis: bf7c407c2cedff20999df2af8eb42d56 -> 
========================================================================
Received Import Request.
  Time since last request: 1075.349722 seconds.
  path: Assets/Sounds/big_explosion.wav
  artifactKey: Guid(d9beab9309fe96e428f5dbb6cbfeed08) Importer(815301076,1909f56bfc062723c751e8b465ee728b)
Start importing Assets/Sounds/big_explosion.wav using Guid(d9beab9309fe96e428f5dbb6cbfeed08) Importer(815301076,1909f56bfc062723c751e8b465ee728b)  -> (artifact id: 'b4111ea43f297bead80729785d42c3be') in 1.191414 seconds 
========================================================================
Received Import Request.
  Time since last request: 0.000588 seconds.
  path: Assets/Sounds/rifle.ogg
  artifactKey: Guid(b2a8101f4f6ba1342a0fb577e6d7243b) Importer(815301076,1909f56bfc062723c751e8b465ee728b)
Start importing Assets/Sounds/rifle.ogg using Guid(b2a8101f4f6ba1342a0fb577e6d7243b) Importer(815301076,1909f56bfc062723c751e8b465ee728b)  -> (artifact id: 'f5854fb357952f8960fd0f4d5f0b7362') in 0.011122 seconds 
========================================================================
Received Import Request.
  Time since last request: 0.000304 seconds.
  path: Assets/Sounds/short_explosion.ogg
  artifactKey: Guid(d9e80fb15b7522f4fa5fb7cfe0b2618e) Importer(815301076,1909f56bfc062723c751e8b465ee728b)
Start importing Assets/Sounds/short_explosion.ogg using Guid(d9e80fb15b7522f4fa5fb7cfe0b2618e) Importer(815301076,1909f56bfc062723c751e8b465ee728b)  -> (artifact id: '4111e02c8610f799807323a608098ffe') in 0.015801 seconds 
========================================================================
Received Import Request.
  Time since last request: 0.000387 seconds.
  path: Assets/Sounds/gun.ogg
  artifactKey: Guid(203ef4be476be0c428fb4e896a20e8aa) Importer(815301076,1909f56bfc062723c751e8b465ee728b)
Start importing Assets/Sounds/gun.ogg using Guid(203ef4be476be0c428fb4e896a20e8aa) Importer(815301076,1909f56bfc062723c751e8b465ee728b)  -> (artifact id: '6d7420be04b25e8690876d33052765d0') in 0.022015 seconds 
========================================================================
Received Import Request.
  Time since last request: 0.000247 seconds.
  path: Assets/Sounds/missile.wav
  artifactKey: Guid(6625fc1df6558404b947cae97513f39a) Importer(815301076,1909f56bfc062723c751e8b465ee728b)
Start importing Assets/Sounds/missile.wav using Guid(6625fc1df6558404b947cae97513f39a) Importer(815301076,1909f56bfc062723c751e8b465ee728b)  -> (artifact id: '57636c48e1c09fd7e06e5d252f008701') in 0.010790 seconds 
========================================================================
Received Import Request.
  Time since last request: 1.845541 seconds.
  path: Assets/Scenes/Level_01.unity
  artifactKey: Guid(9631ade1d45ad4f48aebac2a1c2b56f3) Importer(815301076,1909f56bfc062723c751e8b465ee728b)
Start importing Assets/Scenes/Level_01.unity using Guid(9631ade1d45ad4f48aebac2a1c2b56f3) Importer(815301076,1909f56bfc062723c751e8b465ee728b)  -> (artifact id: '97ffb02dac7df75db9ed356d1692c2ed') in 0.001532 seconds 
========================================================================
Received Import Request.
  Time since last request: 871.968236 seconds.
  path: Assets/Sprites/Tilemaps/towerDefense_tilesheet_0.asset
  artifactKey: Guid(f1587943568b1d040b6e7cbecf1d78ee) Importer(815301076,1909f56bfc062723c751e8b465ee728b)
Start importing Assets/Sprites/Tilemaps/towerDefense_tilesheet_0.asset using Guid(f1587943568b1d040b6e7cbecf1d78ee) Importer(815301076,1909f56bfc062723c751e8b465ee728b)  -> (artifact id: 'fd89a515bbff6ae515bc4b021b384d08') in 0.030893 seconds 
========================================================================
Received Import Request.
  Time since last request: 0.000275 seconds.
  path: Assets/Sprites/Tilemaps/towerDefense_tilesheet_4.asset
  artifactKey: Guid(655455ea3429f4341975d3d95e107457) Importer(815301076,1909f56bfc062723c751e8b465ee728b)
Start importing Assets/Sprites/Tilemaps/towerDefense_tilesheet_4.asset using Guid(655455ea3429f4341975d3d95e107457) Importer(815301076,1909f56bfc062723c751e8b465ee728b)  -> (artifact id: 'b75dae93fd6abbf1b917cde5e713f3a7') in 0.008977 seconds 
========================================================================
Received Import Request.
  Time since last request: 0.000315 seconds.
  path: Assets/Sprites/Tilemaps/towerDefense_tilesheet_5.asset
  artifactKey: Guid(442d65782fba1bd4daf0e4883e2e2c42) Importer(815301076,1909f56bfc062723c751e8b465ee728b)
Start importing Assets/Sprites/Tilemaps/towerDefense_tilesheet_5.asset using Guid(442d65782fba1bd4daf0e4883e2e2c42) Importer(815301076,1909f56bfc062723c751e8b465ee728b)  -> (artifact id: '0ebd320b50d7943385295498d62100cd') in 0.008328 seconds 
========================================================================
Received Import Request.
  Time since last request: 0.000288 seconds.
  path: Assets/Sprites/Tilemaps/towerDefense_tilesheet_1.asset
  artifactKey: Guid(3b1f54a05b58a34409960ff6757e937d) Importer(815301076,1909f56bfc062723c751e8b465ee728b)
Start importing Assets/Sprites/Tilemaps/towerDefense_tilesheet_1.asset using Guid(3b1f54a05b58a34409960ff6757e937d) Importer(815301076,1909f56bfc062723c751e8b465ee728b)  -> (artifact id: '842a1b96b3518430c8a881567567236c') in 0.019802 seconds 
========================================================================
Received Import Request.
  Time since last request: 0.000344 seconds.
  path: Assets/Sprites/Tilemaps/towerDefense_tilesheet_3.asset
  artifactKey: Guid(0ede800726f1b8746a0de6d7b54f0fa6) Importer(815301076,1909f56bfc062723c751e8b465ee728b)
Start importing Assets/Sprites/Tilemaps/towerDefense_tilesheet_3.asset using Guid(0ede800726f1b8746a0de6d7b54f0fa6) Importer(815301076,1909f56bfc062723c751e8b465ee728b)  -> (artifact id: 'cce63fdc6e765464250b32ea6e8ed479') in 0.016006 seconds 
========================================================================
Received Import Request.
  Time since last request: 0.000337 seconds.
  path: Assets/Sprites/Tilemaps/towerDefense_tilesheet_2.asset
  artifactKey: Guid(aed482d851d768e43a9329a1ae867ac6) Importer(815301076,1909f56bfc062723c751e8b465ee728b)
Start importing Assets/Sprites/Tilemaps/towerDefense_tilesheet_2.asset using Guid(aed482d851d768e43a9329a1ae867ac6) Importer(815301076,1909f56bfc062723c751e8b465ee728b)  -> (artifact id: '1ab67b89fad93332712a32e68a3dc8f7') in 0.014340 seconds 
========================================================================
Received Import Request.
  Time since last request: 0.000431 seconds.
  path: Assets/Sprites/Tilemaps/towerDefense_tilesheet_6.asset
  artifactKey: Guid(1e90604a33ae09142992c02b72bfafac) Importer(815301076,1909f56bfc062723c751e8b465ee728b)
Start importing Assets/Sprites/Tilemaps/towerDefense_tilesheet_6.asset using Guid(1e90604a33ae09142992c02b72bfafac) Importer(815301076,1909f56bfc062723c751e8b465ee728b)  -> (artifact id: 'f9429c6bcb87c82da5185eff9a80f08b') in 0.018483 seconds 
========================================================================
Received Prepare
Registering precompiled user dll's ...
Registered in 0.002008 seconds.
Begin MonoManager ReloadAssembly
Symbol file LoadedFromMemory doesn't match image /Users/ikbalkulahcioglu/Downloads/tower-defense-unity-master 2/Library/PackageCache/com.unity.collab-proxy@1.15.15/Lib/Editor/PlasticSCM/unityplastic.dll
Native extension for OSXStandalone target not found
Refreshing native plugins compatible for Editor in 0.77 ms, found 2 plugins.
Preloading 0 native plugins for Editor in 0.00 ms.
Mono: successfully reloaded assembly
- Completed reload, in  1.454 seconds
Domain Reload Profiling:
	ReloadAssembly (1455ms)
		BeginReloadAssembly (172ms)
			ExecutionOrderSort (0ms)
			DisableScriptedObjects (9ms)
			BackupInstance (0ms)
			ReleaseScriptingObjects (0ms)
			CreateAndSetChildDomain (90ms)
		EndReloadAssembly (1199ms)
			LoadAssemblies (100ms)
			RebuildTransferFunctionScriptingTraits (0ms)
			SetupTypeCache (433ms)
			ReleaseScriptCaches (1ms)
			RebuildScriptCaches (65ms)
			SetupLoadedEditorAssemblies (465ms)
				LogAssemblyErrors (0ms)
				InitializePlatformSupportModulesInManaged (5ms)
				SetLoadedEditorAssemblies (1ms)
				RefreshPlugins (1ms)
				BeforeProcessingInitializeOnLoad (135ms)
				ProcessInitializeOnLoadAttributes (238ms)
				ProcessInitializeOnLoadMethodAttributes (83ms)
				AfterProcessingInitializeOnLoad (2ms)
				EditorAssembliesLoaded (0ms)
			ExecutionOrderSort2 (0ms)
			AwakeInstancesAfterBackupRestoration (9ms)
Platform modules already initialized, skipping
Refreshing native plugins compatible for Editor in 0.78 ms, found 2 plugins.
Preloading 0 native plugins for Editor in 0.00 ms.
Unloading 2181 Unused Serialized files (Serialized files now loaded: 0)
System memory in use before: 255.7 MB.
System memory in use after: 255.9 MB.

Unloading 46 unused Assets to reduce memory usage. Loaded Objects now: 2712.
Total: 6.485103 ms (FindLiveObjects: 0.187994 ms CreateObjectMapping: 0.089584 ms MarkObjects: 6.174039 ms  DeleteObjects: 0.032703 ms)

AssetImportParameters requested are different than current active one (requested -> active):
  custom:video-decoder-ogg-theora: a1e56fd34408186e4bbccfd4996cb3dc -> 
  custom:container-muxer-webm: aa71ff27fc2769a1b78a27578f13a17b -> 
  custom:container-demuxer-webm: 4f35f7cbe854078d1ac9338744f61a02 -> 
  custom:container-demuxer-ogg: 62fdf1f143b41e24485cea50d1cbac27 -> 
  custom:video-encoder-webm-vp8: eb34c28f22e8b96e1ab97ce403110664 -> 
  custom:framework-osx-AVFoundation: e770b220cccbd017edd2c1fefb359320 -> 
  custom:video-decoder-webm-vp8: 9c59270c3fd7afecdb556c50c9e8de78 -> 
  custom:audio-decoder-ogg-vorbis: bf7c407c2cedff20999df2af8eb42d56 -> 
  custom:audio-encoder-webm-vorbis: bf7c407c2cedff20999df2af8eb42d56 -> 
========================================================================
Received Prepare
Registering precompiled user dll's ...
Registered in 0.006218 seconds.
Begin MonoManager ReloadAssembly
Symbol file LoadedFromMemory doesn't match image /Users/ikbalkulahcioglu/Downloads/tower-defense-unity-master 2/Library/PackageCache/com.unity.collab-proxy@1.15.15/Lib/Editor/PlasticSCM/unityplastic.dll
Native extension for OSXStandalone target not found
Refreshing native plugins compatible for Editor in 0.77 ms, found 2 plugins.
Preloading 0 native plugins for Editor in 0.00 ms.
Mono: successfully reloaded assembly
- Completed reload, in  1.527 seconds
Domain Reload Profiling:
	ReloadAssembly (1527ms)
		BeginReloadAssembly (203ms)
			ExecutionOrderSort (0ms)
			DisableScriptedObjects (7ms)
			BackupInstance (0ms)
			ReleaseScriptingObjects (0ms)
			CreateAndSetChildDomain (77ms)
		EndReloadAssembly (1240ms)
			LoadAssemblies (172ms)
			RebuildTransferFunctionScriptingTraits (0ms)
			SetupTypeCache (413ms)
			ReleaseScriptCaches (1ms)
			RebuildScriptCaches (68ms)
			SetupLoadedEditorAssemblies (477ms)
				LogAssemblyErrors (0ms)
				InitializePlatformSupportModulesInManaged (5ms)
				SetLoadedEditorAssemblies (1ms)
				RefreshPlugins (1ms)
				BeforeProcessingInitializeOnLoad (134ms)
				ProcessInitializeOnLoadAttributes (247ms)
				ProcessInitializeOnLoadMethodAttributes (87ms)
				AfterProcessingInitializeOnLoad (2ms)
				EditorAssembliesLoaded (0ms)
			ExecutionOrderSort2 (0ms)
			AwakeInstancesAfterBackupRestoration (9ms)
Platform modules already initialized, skipping
Refreshing native plugins compatible for Editor in 0.81 ms, found 2 plugins.
Preloading 0 native plugins for Editor in 0.00 ms.
Unloading 2181 Unused Serialized files (Serialized files now loaded: 0)
System memory in use before: 255.9 MB.
System memory in use after: 256.1 MB.

Unloading 46 unused Assets to reduce memory usage. Loaded Objects now: 2715.
Total: 6.654200 ms (FindLiveObjects: 0.193367 ms CreateObjectMapping: 0.089494 ms MarkObjects: 6.336803 ms  DeleteObjects: 0.033641 ms)

AssetImportParameters requested are different than current active one (requested -> active):
  custom:video-decoder-ogg-theora: a1e56fd34408186e4bbccfd4996cb3dc -> 
  custom:container-muxer-webm: aa71ff27fc2769a1b78a27578f13a17b -> 
  custom:container-demuxer-webm: 4f35f7cbe854078d1ac9338744f61a02 -> 
  custom:container-demuxer-ogg: 62fdf1f143b41e24485cea50d1cbac27 -> 
  custom:video-encoder-webm-vp8: eb34c28f22e8b96e1ab97ce403110664 -> 
  custom:framework-osx-AVFoundation: e770b220cccbd017edd2c1fefb359320 -> 
  custom:video-decoder-webm-vp8: 9c59270c3fd7afecdb556c50c9e8de78 -> 
  custom:audio-decoder-ogg-vorbis: bf7c407c2cedff20999df2af8eb42d56 -> 
  custom:audio-encoder-webm-vorbis: bf7c407c2cedff20999df2af8eb42d56 -> 
========================================================================
Received Prepare
Registering precompiled user dll's ...
Registered in 0.006630 seconds.
Begin MonoManager ReloadAssembly
Symbol file LoadedFromMemory doesn't match image /Users/ikbalkulahcioglu/Downloads/tower-defense-unity-master 2/Library/PackageCache/com.unity.collab-proxy@1.15.15/Lib/Editor/PlasticSCM/unityplastic.dll
Native extension for OSXStandalone target not found
Refreshing native plugins compatible for Editor in 0.79 ms, found 2 plugins.
Preloading 0 native plugins for Editor in 0.00 ms.
Mono: successfully reloaded assembly
- Completed reload, in  1.555 seconds
Domain Reload Profiling:
	ReloadAssembly (1555ms)
		BeginReloadAssembly (211ms)
			ExecutionOrderSort (0ms)
			DisableScriptedObjects (8ms)
			BackupInstance (0ms)
			ReleaseScriptingObjects (0ms)
			CreateAndSetChildDomain (81ms)
		EndReloadAssembly (1260ms)
			LoadAssemblies (178ms)
			RebuildTransferFunctionScriptingTraits (0ms)
			SetupTypeCache (411ms)
			ReleaseScriptCaches (1ms)
			RebuildScriptCaches (59ms)
			SetupLoadedEditorAssemblies (517ms)
				LogAssemblyErrors (0ms)
				InitializePlatformSupportModulesInManaged (7ms)
				SetLoadedEditorAssemblies (1ms)
				RefreshPlugins (1ms)
				BeforeProcessingInitializeOnLoad (145ms)
				ProcessInitializeOnLoadAttributes (268ms)
				ProcessInitializeOnLoadMethodAttributes (94ms)
				AfterProcessingInitializeOnLoad (2ms)
				EditorAssembliesLoaded (0ms)
			ExecutionOrderSort2 (0ms)
			AwakeInstancesAfterBackupRestoration (13ms)
Platform modules already initialized, skipping
Refreshing native plugins compatible for Editor in 0.96 ms, found 2 plugins.
Preloading 0 native plugins for Editor in 0.00 ms.
Unloading 2181 Unused Serialized files (Serialized files now loaded: 0)
System memory in use before: 256.1 MB.
System memory in use after: 256.3 MB.

Unloading 46 unused Assets to reduce memory usage. Loaded Objects now: 2718.
Total: 7.738074 ms (FindLiveObjects: 0.191574 ms CreateObjectMapping: 0.088873 ms MarkObjects: 7.428413 ms  DeleteObjects: 0.028382 ms)

AssetImportParameters requested are different than current active one (requested -> active):
  custom:video-decoder-ogg-theora: a1e56fd34408186e4bbccfd4996cb3dc -> 
  custom:container-muxer-webm: aa71ff27fc2769a1b78a27578f13a17b -> 
  custom:container-demuxer-webm: 4f35f7cbe854078d1ac9338744f61a02 -> 
  custom:container-demuxer-ogg: 62fdf1f143b41e24485cea50d1cbac27 -> 
  custom:video-encoder-webm-vp8: eb34c28f22e8b96e1ab97ce403110664 -> 
  custom:framework-osx-AVFoundation: e770b220cccbd017edd2c1fefb359320 -> 
  custom:video-decoder-webm-vp8: 9c59270c3fd7afecdb556c50c9e8de78 -> 
  custom:audio-decoder-ogg-vorbis: bf7c407c2cedff20999df2af8eb42d56 -> 
  custom:audio-encoder-webm-vorbis: bf7c407c2cedff20999df2af8eb42d56 -> 
========================================================================
Received Prepare
Registering precompiled user dll's ...
Registered in 0.006076 seconds.
Begin MonoManager ReloadAssembly
Symbol file LoadedFromMemory doesn't match image /Users/ikbalkulahcioglu/Downloads/tower-defense-unity-master 2/Library/PackageCache/com.unity.collab-proxy@1.15.15/Lib/Editor/PlasticSCM/unityplastic.dll
Native extension for OSXStandalone target not found
Refreshing native plugins compatible for Editor in 0.96 ms, found 2 plugins.
Preloading 0 native plugins for Editor in 0.00 ms.
Mono: successfully reloaded assembly
- Completed reload, in  1.653 seconds
Domain Reload Profiling:
	ReloadAssembly (1655ms)
		BeginReloadAssembly (293ms)
			ExecutionOrderSort (0ms)
			DisableScriptedObjects (15ms)
			BackupInstance (0ms)
			ReleaseScriptingObjects (0ms)
			CreateAndSetChildDomain (132ms)
		EndReloadAssembly (1281ms)
			LoadAssemblies (194ms)
			RebuildTransferFunctionScriptingTraits (0ms)
			SetupTypeCache (412ms)
			ReleaseScriptCaches (1ms)
			RebuildScriptCaches (69ms)
			SetupLoadedEditorAssemblies (505ms)
				LogAssemblyErrors (0ms)
				InitializePlatformSupportModulesInManaged (6ms)
				SetLoadedEditorAssemblies (1ms)
				RefreshPlugins (1ms)
				BeforeProcessingInitializeOnLoad (149ms)
				ProcessInitializeOnLoadAttributes (256ms)
				ProcessInitializeOnLoadMethodAttributes (89ms)
				AfterProcessingInitializeOnLoad (2ms)
				EditorAssembliesLoaded (0ms)
			ExecutionOrderSort2 (0ms)
			AwakeInstancesAfterBackupRestoration (9ms)
Platform modules already initialized, skipping
Refreshing native plugins compatible for Editor in 0.80 ms, found 2 plugins.
Preloading 0 native plugins for Editor in 0.00 ms.
Unloading 2181 Unused Serialized files (Serialized files now loaded: 0)
System memory in use before: 256.3 MB.
System memory in use after: 256.6 MB.

Unloading 46 unused Assets to reduce memory usage. Loaded Objects now: 2721.
Total: 7.730787 ms (FindLiveObjects: 0.260784 ms CreateObjectMapping: 0.091066 ms MarkObjects: 7.340351 ms  DeleteObjects: 0.036855 ms)

AssetImportParameters requested are different than current active one (requested -> active):
  custom:video-decoder-ogg-theora: a1e56fd34408186e4bbccfd4996cb3dc -> 
  custom:container-muxer-webm: aa71ff27fc2769a1b78a27578f13a17b -> 
  custom:container-demuxer-webm: 4f35f7cbe854078d1ac9338744f61a02 -> 
  custom:container-demuxer-ogg: 62fdf1f143b41e24485cea50d1cbac27 -> 
  custom:video-encoder-webm-vp8: eb34c28f22e8b96e1ab97ce403110664 -> 
  custom:framework-osx-AVFoundation: e770b220cccbd017edd2c1fefb359320 -> 
  custom:video-decoder-webm-vp8: 9c59270c3fd7afecdb556c50c9e8de78 -> 
  custom:audio-decoder-ogg-vorbis: bf7c407c2cedff20999df2af8eb42d56 -> 
  custom:audio-encoder-webm-vorbis: bf7c407c2cedff20999df2af8eb42d56 -> 
========================================================================
Received Prepare
Registering precompiled user dll's ...
Registered in 0.005110 seconds.
Begin MonoManager ReloadAssembly
Symbol file LoadedFromMemory doesn't match image /Users/ikbalkulahcioglu/Downloads/tower-defense-unity-master 2/Library/PackageCache/com.unity.collab-proxy@1.15.15/Lib/Editor/PlasticSCM/unityplastic.dll
Native extension for OSXStandalone target not found
Refreshing native plugins compatible for Editor in 0.88 ms, found 2 plugins.
Preloading 0 native plugins for Editor in 0.00 ms.
Mono: successfully reloaded assembly
- Completed reload, in  1.544 seconds
Domain Reload Profiling:
	ReloadAssembly (1545ms)
		BeginReloadAssembly (202ms)
			ExecutionOrderSort (0ms)
			DisableScriptedObjects (9ms)
			BackupInstance (0ms)
			ReleaseScriptingObjects (0ms)
			CreateAndSetChildDomain (89ms)
		EndReloadAssembly (1260ms)
			LoadAssemblies (156ms)
			RebuildTransferFunctionScriptingTraits (0ms)
			SetupTypeCache (414ms)
			ReleaseScriptCaches (1ms)
			RebuildScriptCaches (64ms)
			SetupLoadedEditorAssemblies (496ms)
				LogAssemblyErrors (0ms)
				InitializePlatformSupportModulesInManaged (6ms)
				SetLoadedEditorAssemblies (1ms)
				RefreshPlugins (1ms)
				BeforeProcessingInitializeOnLoad (148ms)
				ProcessInitializeOnLoadAttributes (250ms)
				ProcessInitializeOnLoadMethodAttributes (90ms)
				AfterProcessingInitializeOnLoad (2ms)
				EditorAssembliesLoaded (0ms)
			ExecutionOrderSort2 (0ms)
			AwakeInstancesAfterBackupRestoration (9ms)
Platform modules already initialized, skipping
Refreshing native plugins compatible for Editor in 0.68 ms, found 2 plugins.
Preloading 0 native plugins for Editor in 0.00 ms.
Unloading 2181 Unused Serialized files (Serialized files now loaded: 0)
System memory in use before: 256.4 MB.
System memory in use after: 256.7 MB.

Unloading 46 unused Assets to reduce memory usage. Loaded Objects now: 2724.
Total: 7.379739 ms (FindLiveObjects: 0.165182 ms CreateObjectMapping: 0.089162 ms MarkObjects: 7.097838 ms  DeleteObjects: 0.026803 ms)

AssetImportParameters requested are different than current active one (requested -> active):
  custom:video-decoder-ogg-theora: a1e56fd34408186e4bbccfd4996cb3dc -> 
  custom:container-muxer-webm: aa71ff27fc2769a1b78a27578f13a17b -> 
  custom:container-demuxer-webm: 4f35f7cbe854078d1ac9338744f61a02 -> 
  custom:container-demuxer-ogg: 62fdf1f143b41e24485cea50d1cbac27 -> 
  custom:video-encoder-webm-vp8: eb34c28f22e8b96e1ab97ce403110664 -> 
  custom:framework-osx-AVFoundation: e770b220cccbd017edd2c1fefb359320 -> 
  custom:video-decoder-webm-vp8: 9c59270c3fd7afecdb556c50c9e8de78 -> 
  custom:audio-decoder-ogg-vorbis: bf7c407c2cedff20999df2af8eb42d56 -> 
  custom:audio-encoder-webm-vorbis: bf7c407c2cedff20999df2af8eb42d56 -> 
========================================================================
Received Import Request.
  Time since last request: 19600.374135 seconds.
  path: Assets/Plugins/CurveEditor
  artifactKey: Guid(295eb0bc4cff2464b817bbaae44c94cd) Importer(815301076,1909f56bfc062723c751e8b465ee728b)
Start importing Assets/Plugins/CurveEditor using Guid(295eb0bc4cff2464b817bbaae44c94cd) Importer(815301076,1909f56bfc062723c751e8b465ee728b)  -> (artifact id: '55f725fefe2369535138a95934ff911c') in 0.006067 seconds 
========================================================================
Received Import Request.
  Time since last request: 1.692673 seconds.
  path: Assets/Plugins/CurveEditor/Scene.unity
  artifactKey: Guid(edc76b752b199440e93ecd26693424f7) Importer(815301076,1909f56bfc062723c751e8b465ee728b)
Start importing Assets/Plugins/CurveEditor/Scene.unity using Guid(edc76b752b199440e93ecd26693424f7) Importer(815301076,1909f56bfc062723c751e8b465ee728b)  -> (artifact id: '36219b3d0d81e385d1b99fb8cbacffa3') in 0.002086 seconds 
